d2024-12-30 13:34:27,330 - resnet_50 - INFO - Training - Epoch: 5, Batch: [3328/10010], Loss: 4.0317, Accuracy: 21.18%, LR: 0.001000
2024-12-30 13:37:02,659 - resnet_50 - INFO - Training - Epoch: 5, Batch: [3456/10010], Loss: 4.0302, Accuracy: 21.22%, LR: 0.001000
2024-12-30 13:39:38,016 - resnet_50 - INFO - Training - Epoch: 5, Batch: [3584/10010], Loss: 4.0287, Accuracy: 21.24%, LR: 0.001000
2024-12-30 13:42:13,316 - resnet_50 - INFO - Training - Epoch: 5, Batch: [3712/10010], Loss: 4.0270, Accuracy: 21.27%, LR: 0.001000
2024-12-30 13:44:48,624 - resnet_50 - INFO - Training - Epoch: 5, Batch: [3840/10010], Loss: 4.0260, Accuracy: 21.29%, LR: 0.001000
2024-12-30 13:47:23,904 - resnet_50 - INFO - Training - Epoch: 5, Batch: [3968/10010], Loss: 4.0249, Accuracy: 21.32%, LR: 0.001000
2024-12-30 13:49:59,283 - resnet_50 - INFO - Training - Epoch: 5, Batch: [4096/10010], Loss: 4.0228, Accuracy: 21.35%, LR: 0.001000
2024-12-30 13:52:34,637 - resnet_50 - INFO - Training - Epoch: 5, Batch: [4224/10010], Loss: 4.0200, Accuracy: 21.38%, LR: 0.001000
2024-12-30 13:55:09,973 - resnet_50 - INFO - Training - Epoch: 5, Batch: [4352/10010], Loss: 4.0180, Accuracy: 21.40%, LR: 0.001000
2024-12-30 13:57:45,298 - resnet_50 - INFO - Training - Epoch: 5, Batch: [4480/10010], Loss: 4.0166, Accuracy: 21.43%, LR: 0.001000
2024-12-30 14:00:20,654 - resnet_50 - INFO - Training - Epoch: 5, Batch: [4608/10010], Loss: 4.0153, Accuracy: 21.45%, LR: 0.001000
2024-12-30 14:02:56,012 - resnet_50 - INFO - Training - Epoch: 5, Batch: [4736/10010], Loss: 4.0140, Accuracy: 21.45%, LR: 0.001000
2024-12-30 14:05:31,388 - resnet_50 - INFO - Training - Epoch: 5, Batch: [4864/10010], Loss: 4.0129, Accuracy: 21.47%, LR: 0.001000
2024-12-30 14:08:06,734 - resnet_50 - INFO - Training - Epoch: 5, Batch: [4992/10010], Loss: 4.0121, Accuracy: 21.48%, LR: 0.001000
2024-12-30 14:10:42,082 - resnet_50 - INFO - Training - Epoch: 5, Batch: [5120/10010], Loss: 4.0104, Accuracy: 21.50%, LR: 0.001000
2024-12-30 14:13:17,457 - resnet_50 - INFO - Training - Epoch: 5, Batch: [5248/10010], Loss: 4.0089, Accuracy: 21.52%, LR: 0.001000
2024-12-30 14:15:52,810 - resnet_50 - INFO - Training - Epoch: 5, Batch: [5376/10010], Loss: 4.0073, Accuracy: 21.54%, LR: 0.001000
2024-12-30 14:18:28,127 - resnet_50 - INFO - Training - Epoch: 5, Batch: [5504/10010], Loss: 4.0062, Accuracy: 21.55%, LR: 0.001000
2024-12-30 14:21:03,494 - resnet_50 - INFO - Training - Epoch: 5, Batch: [5632/10010], Loss: 4.0048, Accuracy: 21.57%, LR: 0.001000
2024-12-30 14:23:38,856 - resnet_50 - INFO - Training - Epoch: 5, Batch: [5760/10010], Loss: 4.0028, Accuracy: 21.60%, LR: 0.001000
2024-12-30 14:26:14,177 - resnet_50 - INFO - Training - Epoch: 5, Batch: [5888/10010], Loss: 4.0015, Accuracy: 21.61%, LR: 0.001000
2024-12-30 14:28:49,499 - resnet_50 - INFO - Training - Epoch: 5, Batch: [6016/10010], Loss: 4.0003, Accuracy: 21.62%, LR: 0.001000
2024-12-30 14:31:24,809 - resnet_50 - INFO - Training - Epoch: 5, Batch: [6144/10010], Loss: 3.9992, Accuracy: 21.64%, LR: 0.001000
2024-12-30 14:34:00,148 - resnet_50 - INFO - Training - Epoch: 5, Batch: [6272/10010], Loss: 3.9976, Accuracy: 21.67%, LR: 0.001000
2024-12-30 14:36:35,469 - resnet_50 - INFO - Training - Epoch: 5, Batch: [6400/10010], Loss: 3.9959, Accuracy: 21.70%, LR: 0.001000
2024-12-30 14:39:10,767 - resnet_50 - INFO - Training - Epoch: 5, Batch: [6528/10010], Loss: 3.9946, Accuracy: 21.71%, LR: 0.001000
2024-12-30 14:41:46,109 - resnet_50 - INFO - Training - Epoch: 5, Batch: [6656/10010], Loss: 3.9935, Accuracy: 21.73%, LR: 0.001000
2024-12-30 14:44:21,459 - resnet_50 - INFO - Training - Epoch: 5, Batch: [6784/10010], Loss: 3.9921, Accuracy: 21.74%, LR: 0.001000
2024-12-30 14:46:56,752 - resnet_50 - INFO - Training - Epoch: 5, Batch: [6912/10010], Loss: 3.9910, Accuracy: 21.76%, LR: 0.001000
2024-12-30 14:49:32,098 - resnet_50 - INFO - Training - Epoch: 5, Batch: [7040/10010], Loss: 3.9899, Accuracy: 21.77%, LR: 0.001000
2024-12-30 14:52:07,428 - resnet_50 - INFO - Training - Epoch: 5, Batch: [7168/10010], Loss: 3.9879, Accuracy: 21.79%, LR: 0.001000
2024-12-30 14:54:42,701 - resnet_50 - INFO - Training - Epoch: 5, Batch: [7296/10010], Loss: 3.9861, Accuracy: 21.82%, LR: 0.001000
2024-12-30 14:57:18,021 - resnet_50 - INFO - Training - Epoch: 5, Batch: [7424/10010], Loss: 3.9846, Accuracy: 21.84%, LR: 0.001000
2024-12-30 14:59:53,351 - resnet_50 - INFO - Training - Epoch: 5, Batch: [7552/10010], Loss: 3.9828, Accuracy: 21.86%, LR: 0.001000
2024-12-30 15:02:28,699 - resnet_50 - INFO - Training - Epoch: 5, Batch: [7680/10010], Loss: 3.9812, Accuracy: 21.89%, LR: 0.001000
2024-12-30 15:05:04,066 - resnet_50 - INFO - Training - Epoch: 5, Batch: [7808/10010], Loss: 3.9800, Accuracy: 21.91%, LR: 0.001000
2024-12-30 15:07:39,372 - resnet_50 - INFO - Training - Epoch: 5, Batch: [7936/10010], Loss: 3.9781, Accuracy: 21.93%, LR: 0.001000
2024-12-30 15:10:14,733 - resnet_50 - INFO - Training - Epoch: 5, Batch: [8064/10010], Loss: 3.9766, Accuracy: 21.96%, LR: 0.001000
2024-12-30 15:12:50,089 - resnet_50 - INFO - Training - Epoch: 5, Batch: [8192/10010], Loss: 3.9759, Accuracy: 21.97%, LR: 0.001000
2024-12-30 15:15:25,434 - resnet_50 - INFO - Training - Epoch: 5, Batch: [8320/10010], Loss: 3.9746, Accuracy: 21.98%, LR: 0.001000
2024-12-30 15:18:00,758 - resnet_50 - INFO - Training - Epoch: 5, Batch: [8448/10010], Loss: 3.9732, Accuracy: 22.01%, LR: 0.001000
2024-12-30 15:20:36,076 - resnet_50 - INFO - Training - Epoch: 5, Batch: [8576/10010], Loss: 3.9717, Accuracy: 22.04%, LR: 0.001000
2024-12-30 15:23:11,405 - resnet_50 - INFO - Training - Epoch: 5, Batch: [8704/10010], Loss: 3.9702, Accuracy: 22.06%, LR: 0.001000
2024-12-30 15:25:46,701 - resnet_50 - INFO - Training - Epoch: 5, Batch: [8832/10010], Loss: 3.9688, Accuracy: 22.08%, LR: 0.001000
2024-12-30 15:28:21,939 - resnet_50 - INFO - Training - Epoch: 5, Batch: [8960/10010], Loss: 3.9671, Accuracy: 22.10%, LR: 0.001000
2024-12-30 15:30:57,269 - resnet_50 - INFO - Training - Epoch: 5, Batch: [9088/10010], Loss: 3.9655, Accuracy: 22.12%, LR: 0.001000
2024-12-30 15:33:32,602 - resnet_50 - INFO - Training - Epoch: 5, Batch: [9216/10010], Loss: 3.9643, Accuracy: 22.13%, LR: 0.001000
2024-12-30 15:36:07,943 - resnet_50 - INFO - Training - Epoch: 5, Batch: [9344/10010], Loss: 3.9628, Accuracy: 22.15%, LR: 0.001000
2024-12-30 15:38:43,285 - resnet_50 - INFO - Training - Epoch: 5, Batch: [9472/10010], Loss: 3.9614, Accuracy: 22.18%, LR: 0.001000
2024-12-30 15:41:18,603 - resnet_50 - INFO - Training - Epoch: 5, Batch: [9600/10010], Loss: 3.9601, Accuracy: 22.20%, LR: 0.001000
2024-12-30 15:43:53,959 - resnet_50 - INFO - Training - Epoch: 5, Batch: [9728/10010], Loss: 3.9586, Accuracy: 22.22%, LR: 0.001000
2024-12-30 15:46:29,314 - resnet_50 - INFO - Training - Epoch: 5, Batch: [9856/10010], Loss: 3.9577, Accuracy: 22.24%, LR: 0.001000
2024-12-30 15:49:04,763 - resnet_50 - INFO - Training - Epoch: 5, Batch: [9984/10010], Loss: 3.9566, Accuracy: 22.25%, LR: 0.001000
2024-12-30 15:49:34,216 - resnet_50 - INFO - Epoch 5 Summary - Training Loss: 3.9561, Training Accuracy: 22.26%, Time: 12149.19s
2024-12-30 15:49:34,522 - resnet_50 - INFO - Checkpoint saved - Epoch: 5, Path: checkpoints/resnet_50/model_5.pth
2024-12-30 15:51:56,329 - resnet_50 - INFO - Validation - Epoch: 6, Loss: 3.5513, Accuracy: 26.64%, Top-5 Accuracy: 51.09%
2024-12-30 15:51:59,573 - resnet_50 - INFO - Training - Epoch: 6, Batch: [0/10010], Loss: 4.0288, Accuracy: 17.97%, LR: 0.001000
2024-12-30 15:54:34,836 - resnet_50 - INFO - Training - Epoch: 6, Batch: [128/10010], Loss: 3.8338, Accuracy: 23.62%, LR: 0.001000
2024-12-30 15:57:10,165 - resnet_50 - INFO - Training - Epoch: 6, Batch: [256/10010], Loss: 3.8377, Accuracy: 23.66%, LR: 0.001000
2024-12-30 15:59:45,511 - resnet_50 - INFO - Training - Epoch: 6, Batch: [384/10010], Loss: 3.8375, Accuracy: 23.89%, LR: 0.001000
2024-12-30 16:02:20,880 - resnet_50 - INFO - Training - Epoch: 6, Batch: [512/10010], Loss: 3.8296, Accuracy: 23.96%, LR: 0.001000
2024-12-30 16:04:56,219 - resnet_50 - INFO - Training - Epoch: 6, Batch: [640/10010], Loss: 3.8240, Accuracy: 24.06%, LR: 0.001000
2024-12-30 16:07:31,551 - resnet_50 - INFO - Training - Epoch: 6, Batch: [768/10010], Loss: 3.8253, Accuracy: 24.02%, LR: 0.001000
2024-12-30 16:10:06,850 - resnet_50 - INFO - Training - Epoch: 6, Batch: [896/10010], Loss: 3.8270, Accuracy: 23.99%, LR: 0.001000
2024-12-30 16:12:42,184 - resnet_50 - INFO - Training - Epoch: 6, Batch: [1024/10010], Loss: 3.8274, Accuracy: 24.03%, LR: 0.001000
2024-12-30 16:15:17,540 - resnet_50 - INFO - Training - Epoch: 6, Batch: [1152/10010], Loss: 3.8283, Accuracy: 24.03%, LR: 0.001000
2024-12-30 16:17:52,888 - resnet_50 - INFO - Training - Epoch: 6, Batch: [1280/10010], Loss: 3.8254, Accuracy: 24.06%, LR: 0.001000
2024-12-30 16:20:28,256 - resnet_50 - INFO - Training - Epoch: 6, Batch: [1408/10010], Loss: 3.8254, Accuracy: 24.08%, LR: 0.001000
2024-12-30 16:23:03,602 - resnet_50 - INFO - Training - Epoch: 6, Batch: [1536/10010], Loss: 3.8244, Accuracy: 24.05%, LR: 0.001000
2024-12-30 16:25:38,947 - resnet_50 - INFO - Training - Epoch: 6, Batch: [1664/10010], Loss: 3.8239, Accuracy: 24.06%, LR: 0.001000
2024-12-30 16:28:14,297 - resnet_50 - INFO - Training - Epoch: 6, Batch: [1792/10010], Loss: 3.8226, Accuracy: 24.08%, LR: 0.001000
2024-12-30 16:30:49,659 - resnet_50 - INFO - Training - Epoch: 6, Batch: [1920/10010], Loss: 3.8216, Accuracy: 24.10%, LR: 0.001000
2024-12-30 16:33:25,012 - resnet_50 - INFO - Training - Epoch: 6, Batch: [2048/10010], Loss: 3.8193, Accuracy: 24.13%, LR: 0.001000
2024-12-30 16:36:00,378 - resnet_50 - INFO - Training - Epoch: 6, Batch: [2176/10010], Loss: 3.8185, Accuracy: 24.15%, LR: 0.001000
2024-12-30 16:38:35,722 - resnet_50 - INFO - Training - Epoch: 6, Batch: [2304/10010], Loss: 3.8172, Accuracy: 24.18%, LR: 0.001000
2024-12-30 16:41:11,061 - resnet_50 - INFO - Training - Epoch: 6, Batch: [2432/10010], Loss: 3.8149, Accuracy: 24.23%, LR: 0.001000
2024-12-30 16:43:46,413 - resnet_50 - INFO - Training - Epoch: 6, Batch: [2560/10010], Loss: 3.8142, Accuracy: 24.24%, LR: 0.001000
2024-12-30 16:46:21,775 - resnet_50 - INFO - Training - Epoch: 6, Batch: [2688/10010], Loss: 3.8111, Accuracy: 24.28%, LR: 0.001000
2024-12-30 16:48:57,099 - resnet_50 - INFO - Training - Epoch: 6, Batch: [2816/10010], Loss: 3.8091, Accuracy: 24.32%, LR: 0.001000
2024-12-30 16:51:32,446 - resnet_50 - INFO - Training - Epoch: 6, Batch: [2944/10010], Loss: 3.8084, Accuracy: 24.34%, LR: 0.001000
2024-12-30 16:54:07,804 - resnet_50 - INFO - Training - Epoch: 6, Batch: [3072/10010], Loss: 3.8088, Accuracy: 24.35%, LR: 0.001000
2024-12-30 16:56:43,126 - resnet_50 - INFO - Training - Epoch: 6, Batch: [3200/10010], Loss: 3.8074, Accuracy: 24.35%, LR: 0.001000
2024-12-30 16:59:18,456 - resnet_50 - INFO - Training - Epoch: 6, Batch: [3328/10010], Loss: 3.8056, Accuracy: 24.38%, LR: 0.001000
2024-12-30 17:01:53,815 - resnet_50 - INFO - Training - Epoch: 6, Batch: [3456/10010], Loss: 3.8047, Accuracy: 24.37%, LR: 0.001000
2024-12-30 17:04:29,162 - resnet_50 - INFO - Training - Epoch: 6, Batch: [3584/10010], Loss: 3.8026, Accuracy: 24.39%, LR: 0.001000
2024-12-30 17:07:04,498 - resnet_50 - INFO - Training - Epoch: 6, Batch: [3712/10010], Loss: 3.8014, Accuracy: 24.41%, LR: 0.001000
2024-12-30 17:09:39,838 - resnet_50 - INFO - Training - Epoch: 6, Batch: [3840/10010], Loss: 3.8006, Accuracy: 24.42%, LR: 0.001000
2024-12-30 17:12:15,208 - resnet_50 - INFO - Training - Epoch: 6, Batch: [3968/10010], Loss: 3.7995, Accuracy: 24.43%, LR: 0.001000
2024-12-30 17:14:50,542 - resnet_50 - INFO - Training - Epoch: 6, Batch: [4096/10010], Loss: 3.7987, Accuracy: 24.44%, LR: 0.001000
2024-12-30 17:17:25,889 - resnet_50 - INFO - Training - Epoch: 6, Batch: [4224/10010], Loss: 3.7984, Accuracy: 24.43%, LR: 0.001000
2024-12-30 17:20:01,262 - resnet_50 - INFO - Training - Epoch: 6, Batch: [4352/10010], Loss: 3.7979, Accuracy: 24.44%, LR: 0.001000
2024-12-30 17:22:36,578 - resnet_50 - INFO - Training - Epoch: 6, Batch: [4480/10010], Loss: 3.7962, Accuracy: 24.47%, LR: 0.001000
2024-12-30 17:25:11,909 - resnet_50 - INFO - Training - Epoch: 6, Batch: [4608/10010], Loss: 3.7959, Accuracy: 24.48%, LR: 0.001000
2024-12-30 17:27:47,254 - resnet_50 - INFO - Training - Epoch: 6, Batch: [4736/10010], Loss: 3.7943, Accuracy: 24.52%, LR: 0.001000
2024-12-30 17:30:22,601 - resnet_50 - INFO - Training - Epoch: 6, Batch: [4864/10010], Loss: 3.7939, Accuracy: 24.53%, LR: 0.001000
2024-12-30 17:32:57,941 - resnet_50 - INFO - Training - Epoch: 6, Batch: [4992/10010], Loss: 3.7926, Accuracy: 24.54%, LR: 0.001000
2024-12-30 17:35:33,271 - resnet_50 - INFO - Training - Epoch: 6, Batch: [5120/10010], Loss: 3.7917, Accuracy: 24.57%, LR: 0.001000
2024-12-30 17:38:08,620 - resnet_50 - INFO - Training - Epoch: 6, Batch: [5248/10010], Loss: 3.7905, Accuracy: 24.58%, LR: 0.001000
2024-12-30 17:40:43,957 - resnet_50 - INFO - Training - Epoch: 6, Batch: [5376/10010], Loss: 3.7889, Accuracy: 24.61%, LR: 0.001000
2024-12-30 17:43:19,288 - resnet_50 - INFO - Training - Epoch: 6, Batch: [5504/10010], Loss: 3.7874, Accuracy: 24.63%, LR: 0.001000
2024-12-30 17:45:54,653 - resnet_50 - INFO - Training - Epoch: 6, Batch: [5632/10010], Loss: 3.7860, Accuracy: 24.66%, LR: 0.001000
2024-12-30 17:48:29,969 - resnet_50 - INFO - Training - Epoch: 6, Batch: [5760/10010], Loss: 3.7851, Accuracy: 24.68%, LR: 0.001000
2024-12-30 17:51:05,309 - resnet_50 - INFO - Training - Epoch: 6, Batch: [5888/10010], Loss: 3.7840, Accuracy: 24.69%, LR: 0.001000
2024-12-30 17:53:40,646 - resnet_50 - INFO - Training - Epoch: 6, Batch: [6016/10010], Loss: 3.7833, Accuracy: 24.71%, LR: 0.001000
2024-12-30 17:56:15,943 - resnet_50 - INFO - Training - Epoch: 6, Batch: [6144/10010], Loss: 3.7824, Accuracy: 24.73%, LR: 0.001000
2024-12-30 17:58:51,274 - resnet_50 - INFO - Training - Epoch: 6, Batch: [6272/10010], Loss: 3.7811, Accuracy: 24.74%, LR: 0.001000
2024-12-30 18:01:26,614 - resnet_50 - INFO - Training - Epoch: 6, Batch: [6400/10010], Loss: 3.7799, Accuracy: 24.77%, LR: 0.001000
2024-12-30 18:04:01,969 - resnet_50 - INFO - Training - Epoch: 6, Batch: [6528/10010], Loss: 3.7789, Accuracy: 24.78%, LR: 0.001000
2024-12-30 18:06:37,311 - resnet_50 - INFO - Training - Epoch: 6, Batch: [6656/10010], Loss: 3.7781, Accuracy: 24.79%, LR: 0.001000
2024-12-30 18:09:12,660 - resnet_50 - INFO - Training - Epoch: 6, Batch: [6784/10010], Loss: 3.7771, Accuracy: 24.80%, LR: 0.001000
2024-12-30 18:11:47,989 - resnet_50 - INFO - Training - Epoch: 6, Batch: [6912/10010], Loss: 3.7765, Accuracy: 24.83%, LR: 0.001000
2024-12-30 18:14:23,325 - resnet_50 - INFO - Training - Epoch: 6, Batch: [7040/10010], Loss: 3.7759, Accuracy: 24.85%, LR: 0.001000
2024-12-30 18:16:58,677 - resnet_50 - INFO - Training - Epoch: 6, Batch: [7168/10010], Loss: 3.7751, Accuracy: 24.86%, LR: 0.001000
2024-12-30 18:19:34,047 - resnet_50 - INFO - Training - Epoch: 6, Batch: [7296/10010], Loss: 3.7737, Accuracy: 24.88%, LR: 0.001000
2024-12-30 18:22:09,387 - resnet_50 - INFO - Training - Epoch: 6, Batch: [7424/10010], Loss: 3.7726, Accuracy: 24.89%, LR: 0.001000
2024-12-30 18:24:44,695 - resnet_50 - INFO - Training - Epoch: 6, Batch: [7552/10010], Loss: 3.7713, Accuracy: 24.91%, LR: 0.001000
2024-12-30 18:27:20,063 - resnet_50 - INFO - Training - Epoch: 6, Batch: [7680/10010], Loss: 3.7700, Accuracy: 24.92%, LR: 0.001000
2024-12-30 18:29:55,353 - resnet_50 - INFO - Training - Epoch: 6, Batch: [7808/10010], Loss: 3.7687, Accuracy: 24.94%, LR: 0.001000
2024-12-30 18:32:30,684 - resnet_50 - INFO - Training - Epoch: 6, Batch: [7936/10010], Loss: 3.7675, Accuracy: 24.96%, LR: 0.001000
2024-12-30 18:35:06,040 - resnet_50 - INFO - Training - Epoch: 6, Batch: [8064/10010], Loss: 3.7657, Accuracy: 24.97%, LR: 0.001000
2024-12-30 18:37:41,376 - resnet_50 - INFO - Training - Epoch: 6, Batch: [8192/10010], Loss: 3.7645, Accuracy: 25.00%, LR: 0.001000
2024-12-30 18:40:16,664 - resnet_50 - INFO - Training - Epoch: 6, Batch: [8320/10010], Loss: 3.7636, Accuracy: 25.01%, LR: 0.001000
2024-12-30 18:42:52,009 - resnet_50 - INFO - Training - Epoch: 6, Batch: [8448/10010], Loss: 3.7627, Accuracy: 25.02%, LR: 0.001000
2024-12-30 18:45:27,369 - resnet_50 - INFO - Training - Epoch: 6, Batch: [8576/10010], Loss: 3.7615, Accuracy: 25.04%, LR: 0.001000
2024-12-30 18:48:02,659 - resnet_50 - INFO - Training - Epoch: 6, Batch: [8704/10010], Loss: 3.7605, Accuracy: 25.05%, LR: 0.001000
2024-12-30 18:50:37,955 - resnet_50 - INFO - Training - Epoch: 6, Batch: [8832/10010], Loss: 3.7594, Accuracy: 25.07%, LR: 0.001000
2024-12-30 18:53:13,319 - resnet_50 - INFO - Training - Epoch: 6, Batch: [8960/10010], Loss: 3.7582, Accuracy: 25.09%, LR: 0.001000
2024-12-30 18:55:48,628 - resnet_50 - INFO - Training - Epoch: 6, Batch: [9088/10010], Loss: 3.7573, Accuracy: 25.10%, LR: 0.001000
2024-12-30 18:58:23,962 - resnet_50 - INFO - Training - Epoch: 6, Batch: [9216/10010], Loss: 3.7568, Accuracy: 25.11%, LR: 0.001000
2024-12-30 19:00:59,311 - resnet_50 - INFO - Training - Epoch: 6, Batch: [9344/10010], Loss: 3.7558, Accuracy: 25.13%, LR: 0.001000
2024-12-30 19:03:34,635 - resnet_50 - INFO - Training - Epoch: 6, Batch: [9472/10010], Loss: 3.7545, Accuracy: 25.14%, LR: 0.001000
2024-12-30 19:06:09,934 - resnet_50 - INFO - Training - Epoch: 6, Batch: [9600/10010], Loss: 3.7535, Accuracy: 25.16%, LR: 0.001000
2024-12-30 19:08:45,280 - resnet_50 - INFO - Training - Epoch: 6, Batch: [9728/10010], Loss: 3.7524, Accuracy: 25.17%, LR: 0.001000
2024-12-30 19:11:20,607 - resnet_50 - INFO - Training - Epoch: 6, Batch: [9856/10010], Loss: 3.7515, Accuracy: 25.19%, LR: 0.001000
2024-12-30 19:13:56,049 - resnet_50 - INFO - Training - Epoch: 6, Batch: [9984/10010], Loss: 3.7505, Accuracy: 25.21%, LR: 0.001000
2024-12-30 19:14:25,487 - resnet_50 - INFO - Epoch 6 Summary - Training Loss: 3.7504, Training Accuracy: 25.21%, Time: 12149.16s
2024-12-30 19:14:25,715 - resnet_50 - INFO - Checkpoint saved - Epoch: 6, Path: checkpoints/resnet_50/model_6.pth
2024-12-30 19:16:47,239 - resnet_50 - INFO - Validation - Epoch: 7, Loss: 3.4401, Accuracy: 28.59%, Top-5 Accuracy: 53.36%
2024-12-30 19:16:50,393 - resnet_50 - INFO - Training - Epoch: 7, Batch: [0/10010], Loss: 3.5090, Accuracy: 30.47%, LR: 0.001000
2024-12-30 19:19:25,719 - resnet_50 - INFO - Training - Epoch: 7, Batch: [128/10010], Loss: 3.6384, Accuracy: 26.76%, LR: 0.001000
2024-12-30 19:22:01,056 - resnet_50 - INFO - Training - Epoch: 7, Batch: [256/10010], Loss: 3.6445, Accuracy: 26.88%, LR: 0.001000
2024-12-30 19:24:36,416 - resnet_50 - INFO - Training - Epoch: 7, Batch: [384/10010], Loss: 3.6181, Accuracy: 27.29%, LR: 0.001000
2024-12-30 19:27:11,756 - resnet_50 - INFO - Training - Epoch: 7, Batch: [512/10010], Loss: 3.6238, Accuracy: 27.09%, LR: 0.001000
2024-12-30 19:29:47,075 - resnet_50 - INFO - Training - Epoch: 7, Batch: [640/10010], Loss: 3.6267, Accuracy: 26.92%, LR: 0.001000
2024-12-30 19:32:22,419 - resnet_50 - INFO - Training - Epoch: 7, Batch: [768/10010], Loss: 3.6249, Accuracy: 26.96%, LR: 0.001000
2024-12-30 19:34:57,778 - resnet_50 - INFO - Training - Epoch: 7, Batch: [896/10010], Loss: 3.6251, Accuracy: 26.90%, LR: 0.001000
2024-12-30 19:37:33,080 - resnet_50 - INFO - Training - Epoch: 7, Batch: [1024/10010], Loss: 3.6269, Accuracy: 26.90%, LR: 0.001000
2024-12-30 19:40:08,432 - resnet_50 - INFO - Training - Epoch: 7, Batch: [1152/10010], Loss: 3.6274, Accuracy: 26.88%, LR: 0.001000
2024-12-30 19:42:43,802 - resnet_50 - INFO - Training - Epoch: 7, Batch: [1280/10010], Loss: 3.6273, Accuracy: 26.87%, LR: 0.001000
2024-12-30 19:45:19,128 - resnet_50 - INFO - Training - Epoch: 7, Batch: [1408/10010], Loss: 3.6256, Accuracy: 26.91%, LR: 0.001000
2024-12-30 19:47:54,448 - resnet_50 - INFO - Training - Epoch: 7, Batch: [1536/10010], Loss: 3.6262, Accuracy: 26.91%, LR: 0.001000
2024-12-30 19:50:29,772 - resnet_50 - INFO - Training - Epoch: 7, Batch: [1664/10010], Loss: 3.6280, Accuracy: 26.89%, LR: 0.001000
2024-12-30 19:53:05,113 - resnet_50 - INFO - Training - Epoch: 7, Batch: [1792/10010], Loss: 3.6265, Accuracy: 26.95%, LR: 0.001000
2024-12-30 19:55:40,439 - resnet_50 - INFO - Training - Epoch: 7, Batch: [1920/10010], Loss: 3.6252, Accuracy: 26.98%, LR: 0.001000
2024-12-30 19:58:15,750 - resnet_50 - INFO - Training - Epoch: 7, Batch: [2048/10010], Loss: 3.6243, Accuracy: 27.03%, LR: 0.001000
2024-12-30 20:00:51,111 - resnet_50 - INFO - Training - Epoch: 7, Batch: [2176/10010], Loss: 3.6238, Accuracy: 27.04%, LR: 0.001000
2024-12-30 20:03:26,427 - resnet_50 - INFO - Training - Epoch: 7, Batch: [2304/10010], Loss: 3.6242, Accuracy: 27.01%, LR: 0.001000
2024-12-30 20:06:01,770 - resnet_50 - INFO - Training - Epoch: 7, Batch: [2432/10010], Loss: 3.6235, Accuracy: 27.03%, LR: 0.001000
2024-12-30 20:08:37,138 - resnet_50 - INFO - Training - Epoch: 7, Batch: [2560/10010], Loss: 3.6233, Accuracy: 27.02%, LR: 0.001000
2024-12-30 20:11:12,466 - resnet_50 - INFO - Training - Epoch: 7, Batch: [2688/10010], Loss: 3.6207, Accuracy: 27.06%, LR: 0.001000
2024-12-30 20:13:47,803 - resnet_50 - INFO - Training - Epoch: 7, Batch: [2816/10010], Loss: 3.6203, Accuracy: 27.08%, LR: 0.001000
2024-12-30 20:16:23,166 - resnet_50 - INFO - Training - Epoch: 7, Batch: [2944/10010], Loss: 3.6186, Accuracy: 27.09%, LR: 0.001000
2024-12-30 20:18:58,500 - resnet_50 - INFO - Training - Epoch: 7, Batch: [3072/10010], Loss: 3.6182, Accuracy: 27.11%, LR: 0.001000
2024-12-30 20:21:33,815 - resnet_50 - INFO - Training - Epoch: 7, Batch: [3200/10010], Loss: 3.6166, Accuracy: 27.13%, LR: 0.001000
2024-12-30 20:24:09,172 - resnet_50 - INFO - Training - Epoch: 7, Batch: [3328/10010], Loss: 3.6163, Accuracy: 27.15%, LR: 0.001000
2024-12-30 20:26:44,505 - resnet_50 - INFO - Training - Epoch: 7, Batch: [3456/10010], Loss: 3.6152, Accuracy: 27.15%, LR: 0.001000
2024-12-30 20:29:19,832 - resnet_50 - INFO - Training - Epoch: 7, Batch: [3584/10010], Loss: 3.6137, Accuracy: 27.16%, LR: 0.001000
2024-12-30 20:31:55,177 - resnet_50 - INFO - Training - Epoch: 7, Batch: [3712/10010], Loss: 3.6138, Accuracy: 27.15%, LR: 0.001000
2024-12-30 20:34:30,559 - resnet_50 - INFO - Training - Epoch: 7, Batch: [3840/10010], Loss: 3.6132, Accuracy: 27.15%, LR: 0.001000
2024-12-30 20:37:05,899 - resnet_50 - INFO - Training - Epoch: 7, Batch: [3968/10010], Loss: 3.6130, Accuracy: 27.16%, LR: 0.001000
2024-12-30 20:39:41,227 - resnet_50 - INFO - Training - Epoch: 7, Batch: [4096/10010], Loss: 3.6127, Accuracy: 27.17%, LR: 0.001000
2024-12-30 20:42:16,597 - resnet_50 - INFO - Training - Epoch: 7, Batch: [4224/10010], Loss: 3.6120, Accuracy: 27.19%, LR: 0.001000
2024-12-30 20:44:51,934 - resnet_50 - INFO - Training - Epoch: 7, Batch: [4352/10010], Loss: 3.6107, Accuracy: 27.22%, LR: 0.001000
2024-12-30 20:47:27,268 - resnet_50 - INFO - Training - Epoch: 7, Batch: [4480/10010], Loss: 3.6099, Accuracy: 27.25%, LR: 0.001000
2024-12-30 20:50:02,603 - resnet_50 - INFO - Training - Epoch: 7, Batch: [4608/10010], Loss: 3.6087, Accuracy: 27.26%, LR: 0.001000
2024-12-30 20:52:37,946 - resnet_50 - INFO - Training - Epoch: 7, Batch: [4736/10010], Loss: 3.6078, Accuracy: 27.26%, LR: 0.001000
2024-12-30 20:55:13,282 - resnet_50 - INFO - Training - Epoch: 7, Batch: [4864/10010], Loss: 3.6073, Accuracy: 27.25%, LR: 0.001000
2024-12-30 20:57:48,634 - resnet_50 - INFO - Training - Epoch: 7, Batch: [4992/10010], Loss: 3.6070, Accuracy: 27.26%, LR: 0.001000
2024-12-30 21:00:23,987 - resnet_50 - INFO - Training - Epoch: 7, Batch: [5120/10010], Loss: 3.6054, Accuracy: 27.28%, LR: 0.001000
2024-12-30 21:02:59,320 - resnet_50 - INFO - Training - Epoch: 7, Batch: [5248/10010], Loss: 3.6037, Accuracy: 27.31%, LR: 0.001000
2024-12-30 21:05:34,665 - resnet_50 - INFO - Training - Epoch: 7, Batch: [5376/10010], Loss: 3.6025, Accuracy: 27.32%, LR: 0.001000
2024-12-30 21:08:10,040 - resnet_50 - INFO - Training - Epoch: 7, Batch: [5504/10010], Loss: 3.6012, Accuracy: 27.34%, LR: 0.001000
2024-12-30 21:10:45,375 - resnet_50 - INFO - Training - Epoch: 7, Batch: [5632/10010], Loss: 3.6007, Accuracy: 27.35%, LR: 0.001000
2024-12-30 21:13:20,729 - resnet_50 - INFO - Training - Epoch: 7, Batch: [5760/10010], Loss: 3.6002, Accuracy: 27.36%, LR: 0.001000
2024-12-30 21:15:56,033 - resnet_50 - INFO - Training - Epoch: 7, Batch: [5888/10010], Loss: 3.6001, Accuracy: 27.36%, LR: 0.001000
2024-12-30 21:18:31,382 - resnet_50 - INFO - Training - Epoch: 7, Batch: [6016/10010], Loss: 3.5989, Accuracy: 27.36%, LR: 0.001000
2024-12-30 21:21:06,727 - resnet_50 - INFO - Training - Epoch: 7, Batch: [6144/10010], Loss: 3.5988, Accuracy: 27.37%, LR: 0.001000
2024-12-30 21:23:42,063 - resnet_50 - INFO - Training - Epoch: 7, Batch: [6272/10010], Loss: 3.5982, Accuracy: 27.38%, LR: 0.001000
2024-12-30 21:26:17,373 - resnet_50 - INFO - Training - Epoch: 7, Batch: [6400/10010], Loss: 3.5968, Accuracy: 27.40%, LR: 0.001000
2024-12-30 21:28:52,695 - resnet_50 - INFO - Training - Epoch: 7, Batch: [6528/10010], Loss: 3.5960, Accuracy: 27.42%, LR: 0.001000
2024-12-30 21:31:28,039 - resnet_50 - INFO - Training - Epoch: 7, Batch: [6656/10010], Loss: 3.5941, Accuracy: 27.44%, LR: 0.001000
2024-12-30 21:34:03,370 - resnet_50 - INFO - Training - Epoch: 7, Batch: [6784/10010], Loss: 3.5931, Accuracy: 27.47%, LR: 0.001000
2024-12-30 21:36:38,674 - resnet_50 - INFO - Training - Epoch: 7, Batch: [6912/10010], Loss: 3.5920, Accuracy: 27.48%, LR: 0.001000
2024-12-30 21:39:13,982 - resnet_50 - INFO - Training - Epoch: 7, Batch: [7040/10010], Loss: 3.5910, Accuracy: 27.50%, LR: 0.001000
2024-12-30 21:41:49,351 - resnet_50 - INFO - Training - Epoch: 7, Batch: [7168/10010], Loss: 3.5903, Accuracy: 27.51%, LR: 0.001000
2024-12-30 21:44:24,689 - resnet_50 - INFO - Training - Epoch: 7, Batch: [7296/10010], Loss: 3.5896, Accuracy: 27.53%, LR: 0.001000
2024-12-30 21:46:59,999 - resnet_50 - INFO - Training - Epoch: 7, Batch: [7424/10010], Loss: 3.5887, Accuracy: 27.55%, LR: 0.001000
2024-12-30 21:49:35,352 - resnet_50 - INFO - Training - Epoch: 7, Batch: [7552/10010], Loss: 3.5879, Accuracy: 27.57%, LR: 0.001000
2024-12-30 21:52:10,718 - resnet_50 - INFO - Training - Epoch: 7, Batch: [7680/10010], Loss: 3.5874, Accuracy: 27.57%, LR: 0.001000
2024-12-30 21:54:46,053 - resnet_50 - INFO - Training - Epoch: 7, Batch: [7808/10010], Loss: 3.5870, Accuracy: 27.58%, LR: 0.001000
2024-12-30 21:57:21,394 - resnet_50 - INFO - Training - Epoch: 7, Batch: [7936/10010], Loss: 3.5862, Accuracy: 27.59%, LR: 0.001000
2024-12-30 21:59:56,740 - resnet_50 - INFO - Training - Epoch: 7, Batch: [8064/10010], Loss: 3.5849, Accuracy: 27.62%, LR: 0.001000
2024-12-30 22:02:32,089 - resnet_50 - INFO - Training - Epoch: 7, Batch: [8192/10010], Loss: 3.5840, Accuracy: 27.63%, LR: 0.001000
2024-12-30 22:05:07,400 - resnet_50 - INFO - Training - Epoch: 7, Batch: [8320/10010], Loss: 3.5834, Accuracy: 27.64%, LR: 0.001000
2024-12-30 22:07:42,696 - resnet_50 - INFO - Training - Epoch: 7, Batch: [8448/10010], Loss: 3.5827, Accuracy: 27.66%, LR: 0.001000
2024-12-30 22:10:18,030 - resnet_50 - INFO - Training - Epoch: 7, Batch: [8576/10010], Loss: 3.5823, Accuracy: 27.66%, LR: 0.001000
2024-12-30 22:12:53,380 - resnet_50 - INFO - Training - Epoch: 7, Batch: [8704/10010], Loss: 3.5812, Accuracy: 27.68%, LR: 0.001000
2024-12-30 22:15:28,716 - resnet_50 - INFO - Training - Epoch: 7, Batch: [8832/10010], Loss: 3.5804, Accuracy: 27.69%, LR: 0.001000
2024-12-30 22:18:04,060 - resnet_50 - INFO - Training - Epoch: 7, Batch: [8960/10010], Loss: 3.5794, Accuracy: 27.70%, LR: 0.001000
2024-12-30 22:20:39,395 - resnet_50 - INFO - Training - Epoch: 7, Batch: [9088/10010], Loss: 3.5784, Accuracy: 27.72%, LR: 0.001000
2024-12-30 22:23:14,749 - resnet_50 - INFO - Training - Epoch: 7, Batch: [9216/10010], Loss: 3.5771, Accuracy: 27.74%, LR: 0.001000
2024-12-30 22:25:50,082 - resnet_50 - INFO - Training - Epoch: 7, Batch: [9344/10010], Loss: 3.5758, Accuracy: 27.75%, LR: 0.001000
2024-12-30 22:28:25,431 - resnet_50 - INFO - Training - Epoch: 7, Batch: [9472/10010], Loss: 3.5749, Accuracy: 27.76%, LR: 0.001000
2024-12-30 22:31:00,772 - resnet_50 - INFO - Training - Epoch: 7, Batch: [9600/10010], Loss: 3.5740, Accuracy: 27.78%, LR: 0.001000
2024-12-30 22:33:36,124 - resnet_50 - INFO - Training - Epoch: 7, Batch: [9728/10010], Loss: 3.5734, Accuracy: 27.79%, LR: 0.001000
2024-12-30 22:36:11,443 - resnet_50 - INFO - Training - Epoch: 7, Batch: [9856/10010], Loss: 3.5726, Accuracy: 27.80%, LR: 0.001000
2024-12-30 22:38:46,813 - resnet_50 - INFO - Training - Epoch: 7, Batch: [9984/10010], Loss: 3.5722, Accuracy: 27.81%, LR: 0.001000
2024-12-30 22:39:16,268 - resnet_50 - INFO - Epoch 7 Summary - Training Loss: 3.5721, Training Accuracy: 27.81%, Time: 12149.03s
2024-12-30 22:39:16,501 - resnet_50 - INFO - Checkpoint saved - Epoch: 7, Path: checkpoints/resnet_50/model_7.pth
2024-12-30 22:41:38,274 - resnet_50 - INFO - Validation - Epoch: 8, Loss: 3.2405, Accuracy: 31.65%, Top-5 Accuracy: 56.90%
2024-12-30 22:41:41,221 - resnet_50 - INFO - Training - Epoch: 8, Batch: [0/10010], Loss: 3.4246, Accuracy: 32.81%, LR: 0.001000
2024-12-30 22:44:16,545 - resnet_50 - INFO - Training - Epoch: 8, Batch: [128/10010], Loss: 3.4632, Accuracy: 29.69%, LR: 0.001000
2024-12-30 22:46:51,862 - resnet_50 - INFO - Training - Epoch: 8, Batch: [256/10010], Loss: 3.4805, Accuracy: 29.36%, LR: 0.001000
2024-12-30 22:49:27,170 - resnet_50 - INFO - Training - Epoch: 8, Batch: [384/10010], Loss: 3.4751, Accuracy: 29.33%, LR: 0.001000
2024-12-30 22:52:02,504 - resnet_50 - INFO - Training - Epoch: 8, Batch: [512/10010], Loss: 3.4820, Accuracy: 29.27%, LR: 0.001000
2024-12-30 22:54:37,826 - resnet_50 - INFO - Training - Epoch: 8, Batch: [640/10010], Loss: 3.4794, Accuracy: 29.29%, LR: 0.001000
2024-12-30 22:57:13,184 - resnet_50 - INFO - Training - Epoch: 8, Batch: [768/10010], Loss: 3.4733, Accuracy: 29.35%, LR: 0.001000
2024-12-30 22:59:48,501 - resnet_50 - INFO - Training - Epoch: 8, Batch: [896/10010], Loss: 3.4701, Accuracy: 29.43%, LR: 0.001000
2024-12-30 23:02:23,832 - resnet_50 - INFO - Training - Epoch: 8, Batch: [1024/10010], Loss: 3.4720, Accuracy: 29.35%, LR: 0.001000
2024-12-30 23:04:59,192 - resnet_50 - INFO - Training - Epoch: 8, Batch: [1152/10010], Loss: 3.4685, Accuracy: 29.42%, LR: 0.001000
2024-12-30 23:07:34,514 - resnet_50 - INFO - Training - Epoch: 8, Batch: [1280/10010], Loss: 3.4698, Accuracy: 29.39%, LR: 0.001000
2024-12-30 23:10:09,813 - resnet_50 - INFO - Training - Epoch: 8, Batch: [1408/10010], Loss: 3.4697, Accuracy: 29.41%, LR: 0.001000
2024-12-30 23:12:45,174 - resnet_50 - INFO - Training - Epoch: 8, Batch: [1536/10010], Loss: 3.4685, Accuracy: 29.44%, LR: 0.001000
2024-12-30 23:15:20,519 - resnet_50 - INFO - Training - Epoch: 8, Batch: [1664/10010], Loss: 3.4668, Accuracy: 29.45%, LR: 0.001000
2024-12-30 23:17:55,858 - resnet_50 - INFO - Training - Epoch: 8, Batch: [1792/10010], Loss: 3.4675, Accuracy: 29.47%, LR: 0.001000
2024-12-30 23:20:31,191 - resnet_50 - INFO - Training - Epoch: 8, Batch: [1920/10010], Loss: 3.4652, Accuracy: 29.51%, LR: 0.001000
2024-12-30 23:23:06,537 - resnet_50 - INFO - Training - Epoch: 8, Batch: [2048/10010], Loss: 3.4657, Accuracy: 29.51%, LR: 0.001000
2024-12-30 23:25:41,870 - resnet_50 - INFO - Training - Epoch: 8, Batch: [2176/10010], Loss: 3.4651, Accuracy: 29.53%, LR: 0.001000
2024-12-30 23:28:17,188 - resnet_50 - INFO - Training - Epoch: 8, Batch: [2304/10010], Loss: 3.4640, Accuracy: 29.54%, LR: 0.001000
2024-12-30 23:30:52,547 - resnet_50 - INFO - Training - Epoch: 8, Batch: [2432/10010], Loss: 3.4648, Accuracy: 29.52%, LR: 0.001000
2024-12-30 23:33:27,893 - resnet_50 - INFO - Training - Epoch: 8, Batch: [2560/10010], Loss: 3.4639, Accuracy: 29.51%, LR: 0.001000
2024-12-30 23:36:03,213 - resnet_50 - INFO - Training - Epoch: 8, Batch: [2688/10010], Loss: 3.4632, Accuracy: 29.51%, LR: 0.001000
2024-12-30 23:38:38,536 - resnet_50 - INFO - Training - Epoch: 8, Batch: [2816/10010], Loss: 3.4614, Accuracy: 29.56%, LR: 0.001000
2024-12-30 23:41:13,896 - resnet_50 - INFO - Training - Epoch: 8, Batch: [2944/10010], Loss: 3.4612, Accuracy: 29.58%, LR: 0.001000
2024-12-30 23:43:49,217 - resnet_50 - INFO - Training - Epoch: 8, Batch: [3072/10010], Loss: 3.4614, Accuracy: 29.57%, LR: 0.001000
2024-12-30 23:46:24,555 - resnet_50 - INFO - Training - Epoch: 8, Batch: [3200/10010], Loss: 3.4605, Accuracy: 29.59%, LR: 0.001000
2024-12-30 23:48:59,871 - resnet_50 - INFO - Training - Epoch: 8, Batch: [3328/10010], Loss: 3.4614, Accuracy: 29.58%, LR: 0.001000
2024-12-30 23:51:35,193 - resnet_50 - INFO - Training - Epoch: 8, Batch: [3456/10010], Loss: 3.4604, Accuracy: 29.60%, LR: 0.001000
2024-12-30 23:54:10,509 - resnet_50 - INFO - Training - Epoch: 8, Batch: [3584/10010], Loss: 3.4593, Accuracy: 29.62%, LR: 0.001000
2024-12-30 23:56:45,879 - resnet_50 - INFO - Training - Epoch: 8, Batch: [3712/10010], Loss: 3.4578, Accuracy: 29.63%, LR: 0.001000
2024-12-30 23:59:21,215 - resnet_50 - INFO - Training - Epoch: 8, Batch: [3840/10010], Loss: 3.4567, Accuracy: 29.64%, LR: 0.001000
2024-12-31 00:01:56,544 - resnet_50 - INFO - Training - Epoch: 8, Batch: [3968/10010], Loss: 3.4563, Accuracy: 29.65%, LR: 0.001000
2024-12-31 00:04:31,910 - resnet_50 - INFO - Training - Epoch: 8, Batch: [4096/10010], Loss: 3.4556, Accuracy: 29.65%, LR: 0.001000
2024-12-31 00:07:07,254 - resnet_50 - INFO - Training - Epoch: 8, Batch: [4224/10010], Loss: 3.4549, Accuracy: 29.67%, LR: 0.001000
2024-12-31 00:09:42,580 - resnet_50 - INFO - Training - Epoch: 8, Batch: [4352/10010], Loss: 3.4541, Accuracy: 29.67%, LR: 0.001000
2024-12-31 00:12:17,926 - resnet_50 - INFO - Training - Epoch: 8, Batch: [4480/10010], Loss: 3.4540, Accuracy: 29.68%, LR: 0.001000
2024-12-31 00:14:53,286 - resnet_50 - INFO - Training - Epoch: 8, Batch: [4608/10010], Loss: 3.4540, Accuracy: 29.69%, LR: 0.001000
2024-12-31 00:17:28,624 - resnet_50 - INFO - Training - Epoch: 8, Batch: [4736/10010], Loss: 3.4539, Accuracy: 29.69%, LR: 0.001000
2024-12-31 00:20:03,971 - resnet_50 - INFO - Training - Epoch: 8, Batch: [4864/10010], Loss: 3.4528, Accuracy: 29.70%, LR: 0.001000
2024-12-31 00:22:39,333 - resnet_50 - INFO - Training - Epoch: 8, Batch: [4992/10010], Loss: 3.4524, Accuracy: 29.72%, LR: 0.001000
2024-12-31 00:25:14,662 - resnet_50 - INFO - Training - Epoch: 8, Batch: [5120/10010], Loss: 3.4515, Accuracy: 29.73%, LR: 0.001000
2024-12-31 00:27:49,979 - resnet_50 - INFO - Training - Epoch: 8, Batch: [5248/10010], Loss: 3.4509, Accuracy: 29.73%, LR: 0.001000
2024-12-31 00:30:25,335 - resnet_50 - INFO - Training - Epoch: 8, Batch: [5376/10010], Loss: 3.4498, Accuracy: 29.74%, LR: 0.001000
2024-12-31 00:33:00,652 - resnet_50 - INFO - Training - Epoch: 8, Batch: [5504/10010], Loss: 3.4494, Accuracy: 29.74%, LR: 0.001000
2024-12-31 00:35:35,954 - resnet_50 - INFO - Training - Epoch: 8, Batch: [5632/10010], Loss: 3.4487, Accuracy: 29.75%, LR: 0.001000
2024-12-31 00:38:11,279 - resnet_50 - INFO - Training - Epoch: 8, Batch: [5760/10010], Loss: 3.4487, Accuracy: 29.75%, LR: 0.001000
2024-12-31 00:40:46,610 - resnet_50 - INFO - Training - Epoch: 8, Batch: [5888/10010], Loss: 3.4485, Accuracy: 29.76%, LR: 0.001000
2024-12-31 00:43:21,946 - resnet_50 - INFO - Training - Epoch: 8, Batch: [6016/10010], Loss: 3.4477, Accuracy: 29.76%, LR: 0.001000
2024-12-31 00:45:57,288 - resnet_50 - INFO - Training - Epoch: 8, Batch: [6144/10010], Loss: 3.4472, Accuracy: 29.77%, LR: 0.001000
2024-12-31 00:48:32,627 - resnet_50 - INFO - Training - Epoch: 8, Batch: [6272/10010], Loss: 3.4464, Accuracy: 29.78%, LR: 0.001000
2024-12-31 00:51:07,952 - resnet_50 - INFO - Training - Epoch: 8, Batch: [6400/10010], Loss: 3.4453, Accuracy: 29.80%, LR: 0.001000
2024-12-31 00:53:43,278 - resnet_50 - INFO - Training - Epoch: 8, Batch: [6528/10010], Loss: 3.4446, Accuracy: 29.81%, LR: 0.001000
2024-12-31 00:56:18,639 - resnet_50 - INFO - Training - Epoch: 8, Batch: [6656/10010], Loss: 3.4439, Accuracy: 29.82%, LR: 0.001000
2024-12-31 00:58:53,953 - resnet_50 - INFO - Training - Epoch: 8, Batch: [6784/10010], Loss: 3.4425, Accuracy: 29.83%, LR: 0.001000
2024-12-31 01:01:29,294 - resnet_50 - INFO - Training - Epoch: 8, Batch: [6912/10010], Loss: 3.4413, Accuracy: 29.85%, LR: 0.001000
2024-12-31 01:04:04,617 - resnet_50 - INFO - Training - Epoch: 8, Batch: [7040/10010], Loss: 3.4403, Accuracy: 29.87%, LR: 0.001000
2024-12-31 01:06:39,943 - resnet_50 - INFO - Training - Epoch: 8, Batch: [7168/10010], Loss: 3.4392, Accuracy: 29.88%, LR: 0.001000
2024-12-31 01:09:15,222 - resnet_50 - INFO - Training - Epoch: 8, Batch: [7296/10010], Loss: 3.4385, Accuracy: 29.89%, LR: 0.001000
2024-12-31 01:11:50,559 - resnet_50 - INFO - Training - Epoch: 8, Batch: [7424/10010], Loss: 3.4378, Accuracy: 29.90%, LR: 0.001000
2024-12-31 01:14:25,937 - resnet_50 - INFO - Training - Epoch: 8, Batch: [7552/10010], Loss: 3.4368, Accuracy: 29.90%, LR: 0.001000
2024-12-31 01:17:01,271 - resnet_50 - INFO - Training - Epoch: 8, Batch: [7680/10010], Loss: 3.4365, Accuracy: 29.91%, LR: 0.001000
2024-12-31 01:19:36,615 - resnet_50 - INFO - Training - Epoch: 8, Batch: [7808/10010], Loss: 3.4357, Accuracy: 29.91%, LR: 0.001000
2024-12-31 01:22:11,985 - resnet_50 - INFO - Training - Epoch: 8, Batch: [7936/10010], Loss: 3.4349, Accuracy: 29.92%, LR: 0.001000
2024-12-31 01:24:47,289 - resnet_50 - INFO - Training - Epoch: 8, Batch: [8064/10010], Loss: 3.4343, Accuracy: 29.93%, LR: 0.001000
2024-12-31 01:27:22,603 - resnet_50 - INFO - Training - Epoch: 8, Batch: [8192/10010], Loss: 3.4334, Accuracy: 29.94%, LR: 0.001000
2024-12-31 01:29:57,961 - resnet_50 - INFO - Training - Epoch: 8, Batch: [8320/10010], Loss: 3.4323, Accuracy: 29.96%, LR: 0.001000
2024-12-31 01:32:33,272 - resnet_50 - INFO - Training - Epoch: 8, Batch: [8448/10010], Loss: 3.4316, Accuracy: 29.97%, LR: 0.001000
2024-12-31 01:35:08,559 - resnet_50 - INFO - Training - Epoch: 8, Batch: [8576/10010], Loss: 3.4306, Accuracy: 29.98%, LR: 0.001000
2024-12-31 01:37:43,885 - resnet_50 - INFO - Training - Epoch: 8, Batch: [8704/10010], Loss: 3.4298, Accuracy: 30.00%, LR: 0.001000
2024-12-31 01:40:19,219 - resnet_50 - INFO - Training - Epoch: 8, Batch: [8832/10010], Loss: 3.4292, Accuracy: 30.01%, LR: 0.001000
2024-12-31 01:42:54,566 - resnet_50 - INFO - Training - Epoch: 8, Batch: [8960/10010], Loss: 3.4282, Accuracy: 30.02%, LR: 0.001000
2024-12-31 01:45:29,899 - resnet_50 - INFO - Training - Epoch: 8, Batch: [9088/10010], Loss: 3.4273, Accuracy: 30.03%, LR: 0.001000
2024-12-31 01:48:05,235 - resnet_50 - INFO - Training - Epoch: 8, Batch: [9216/10010], Loss: 3.4266, Accuracy: 30.05%, LR: 0.001000
2024-12-31 01:50:40,576 - resnet_50 - INFO - Training - Epoch: 8, Batch: [9344/10010], Loss: 3.4261, Accuracy: 30.05%, LR: 0.001000
2024-12-31 01:53:15,880 - resnet_50 - INFO - Training - Epoch: 8, Batch: [9472/10010], Loss: 3.4249, Accuracy: 30.07%, LR: 0.001000
2024-12-31 01:55:51,239 - resnet_50 - INFO - Training - Epoch: 8, Batch: [9600/10010], Loss: 3.4244, Accuracy: 30.07%, LR: 0.001000
2024-12-31 01:58:26,557 - resnet_50 - INFO - Training - Epoch: 8, Batch: [9728/10010], Loss: 3.4232, Accuracy: 30.09%, LR: 0.001000
2024-12-31 02:01:01,858 - resnet_50 - INFO - Training - Epoch: 8, Batch: [9856/10010], Loss: 3.4226, Accuracy: 30.10%, LR: 0.001000
2024-12-31 02:03:37,299 - resnet_50 - INFO - Training - Epoch: 8, Batch: [9984/10010], Loss: 3.4218, Accuracy: 30.11%, LR: 0.001000
2024-12-31 02:04:06,756 - resnet_50 - INFO - Epoch 8 Summary - Training Loss: 3.4216, Training Accuracy: 30.12%, Time: 12148.48s
2024-12-31 02:04:06,982 - resnet_50 - INFO - Checkpoint saved - Epoch: 8, Path: checkpoints/resnet_50/model_8.pth
2024-12-31 02:06:28,621 - resnet_50 - INFO - Validation - Epoch: 9, Loss: 3.0590, Accuracy: 34.65%, Top-5 Accuracy: 60.26%
2024-12-31 02:06:31,376 - resnet_50 - INFO - Training - Epoch: 9, Batch: [0/10010], Loss: 3.2713, Accuracy: 35.16%, LR: 0.001000
2024-12-31 02:09:06,672 - resnet_50 - INFO - Training - Epoch: 9, Batch: [128/10010], Loss: 3.3060, Accuracy: 31.88%, LR: 0.001000
2024-12-31 02:11:42,019 - resnet_50 - INFO - Training - Epoch: 9, Batch: [256/10010], Loss: 3.3236, Accuracy: 31.71%, LR: 0.001000
2024-12-31 02:14:17,358 - resnet_50 - INFO - Training - Epoch: 9, Batch: [384/10010], Loss: 3.3293, Accuracy: 31.63%, LR: 0.001000
2024-12-31 02:16:52,704 - resnet_50 - INFO - Training - Epoch: 9, Batch: [512/10010], Loss: 3.3330, Accuracy: 31.61%, LR: 0.001000
2024-12-31 02:19:28,063 - resnet_50 - INFO - Training - Epoch: 9, Batch: [640/10010], Loss: 3.3272, Accuracy: 31.60%, LR: 0.001000
2024-12-31 02:22:03,409 - resnet_50 - INFO - Training - Epoch: 9, Batch: [768/10010], Loss: 3.3322, Accuracy: 31.52%, LR: 0.001000
2024-12-31 02:24:38,743 - resnet_50 - INFO - Training - Epoch: 9, Batch: [896/10010], Loss: 3.3320, Accuracy: 31.50%, LR: 0.001000
2024-12-31 02:27:14,087 - resnet_50 - INFO - Training - Epoch: 9, Batch: [1024/10010], Loss: 3.3238, Accuracy: 31.57%, LR: 0.001000
2024-12-31 02:29:49,433 - resnet_50 - INFO - Training - Epoch: 9, Batch: [1152/10010], Loss: 3.3216, Accuracy: 31.59%, LR: 0.001000
2024-12-31 02:32:24,773 - resnet_50 - INFO - Training - Epoch: 9, Batch: [1280/10010], Loss: 3.3215, Accuracy: 31.59%, LR: 0.001000
2024-12-31 02:35:00,116 - resnet_50 - INFO - Training - Epoch: 9, Batch: [1408/10010], Loss: 3.3227, Accuracy: 31.60%, LR: 0.001000
2024-12-31 02:37:35,461 - resnet_50 - INFO - Training - Epoch: 9, Batch: [1536/10010], Loss: 3.3235, Accuracy: 31.63%, LR: 0.001000
2024-12-31 02:40:10,795 - resnet_50 - INFO - Training - Epoch: 9, Batch: [1664/10010], Loss: 3.3236, Accuracy: 31.61%, LR: 0.001000
2024-12-31 02:42:46,143 - resnet_50 - INFO - Training - Epoch: 9, Batch: [1792/10010], Loss: 3.3241, Accuracy: 31.55%, LR: 0.001000
2024-12-31 02:45:21,503 - resnet_50 - INFO - Training - Epoch: 9, Batch: [1920/10010], Loss: 3.3238, Accuracy: 31.57%, LR: 0.001000
2024-12-31 02:47:56,831 - resnet_50 - INFO - Training - Epoch: 9, Batch: [2048/10010], Loss: 3.3251, Accuracy: 31.56%, LR: 0.001000
2024-12-31 02:50:32,173 - resnet_50 - INFO - Training - Epoch: 9, Batch: [2176/10010], Loss: 3.3239, Accuracy: 31.58%, LR: 0.001000
2024-12-31 02:53:07,466 - resnet_50 - INFO - Training - Epoch: 9, Batch: [2304/10010], Loss: 3.3244, Accuracy: 31.55%, LR: 0.001000
2024-12-31 02:55:42,735 - resnet_50 - INFO - Training - Epoch: 9, Batch: [2432/10010], Loss: 3.3258, Accuracy: 31.54%, LR: 0.001000
2024-12-31 02:58:18,027 - resnet_50 - INFO - Training - Epoch: 9, Batch: [2560/10010], Loss: 3.3239, Accuracy: 31.56%, LR: 0.001000
2024-12-31 03:00:53,367 - resnet_50 - INFO - Training - Epoch: 9, Batch: [2688/10010], Loss: 3.3236, Accuracy: 31.59%, LR: 0.001000
2024-12-31 03:03:28,692 - resnet_50 - INFO - Training - Epoch: 9, Batch: [2816/10010], Loss: 3.3244, Accuracy: 31.56%, LR: 0.001000
2024-12-31 03:06:04,024 - resnet_50 - INFO - Training - Epoch: 9, Batch: [2944/10010], Loss: 3.3239, Accuracy: 31.57%, LR: 0.001000
2024-12-31 03:08:39,364 - resnet_50 - INFO - Training - Epoch: 9, Batch: [3072/10010], Loss: 3.3243, Accuracy: 31.56%, LR: 0.001000
2024-12-31 03:11:14,728 - resnet_50 - INFO - Training - Epoch: 9, Batch: [3200/10010], Loss: 3.3233, Accuracy: 31.56%, LR: 0.001000
2024-12-31 03:13:50,073 - resnet_50 - INFO - Training - Epoch: 9, Batch: [3328/10010], Loss: 3.3217, Accuracy: 31.57%, LR: 0.001000
2024-12-31 03:16:25,416 - resnet_50 - INFO - Training - Epoch: 9, Batch: [3456/10010], Loss: 3.3206, Accuracy: 31.59%, LR: 0.001000
2024-12-31 03:19:00,743 - resnet_50 - INFO - Training - Epoch: 9, Batch: [3584/10010], Loss: 3.3199, Accuracy: 31.60%, LR: 0.001000
2024-12-31 03:21:36,087 - resnet_50 - INFO - Training - Epoch: 9, Batch: [3712/10010], Loss: 3.3188, Accuracy: 31.62%, LR: 0.001000
2024-12-31 03:24:11,396 - resnet_50 - INFO - Training - Epoch: 9, Batch: [3840/10010], Loss: 3.3170, Accuracy: 31.65%, LR: 0.001000
2024-12-31 03:26:46,751 - resnet_50 - INFO - Training - Epoch: 9, Batch: [3968/10010], Loss: 3.3168, Accuracy: 31.66%, LR: 0.001000
2024-12-31 03:29:22,080 - resnet_50 - INFO - Training - Epoch: 9, Batch: [4096/10010], Loss: 3.3163, Accuracy: 31.69%, LR: 0.001000
2024-12-31 03:31:57,417 - resnet_50 - INFO - Training - Epoch: 9, Batch: [4224/10010], Loss: 3.3158, Accuracy: 31.70%, LR: 0.001000
2024-12-31 03:34:32,764 - resnet_50 - INFO - Training - Epoch: 9, Batch: [4352/10010], Loss: 3.3153, Accuracy: 31.72%, LR: 0.001000
2024-12-31 03:37:08,098 - resnet_50 - INFO - Training - Epoch: 9, Batch: [4480/10010], Loss: 3.3139, Accuracy: 31.75%, LR: 0.001000
2024-12-31 03:39:43,407 - resnet_50 - INFO - Training - Epoch: 9, Batch: [4608/10010], Loss: 3.3143, Accuracy: 31.75%, LR: 0.001000
2024-12-31 03:42:18,739 - resnet_50 - INFO - Training - Epoch: 9, Batch: [4736/10010], Loss: 3.3137, Accuracy: 31.75%, LR: 0.001000
2024-12-31 03:44:54,124 - resnet_50 - INFO - Training - Epoch: 9, Batch: [4864/10010], Loss: 3.3136, Accuracy: 31.76%, LR: 0.001000
2024-12-31 03:47:29,439 - resnet_50 - INFO - Training - Epoch: 9, Batch: [4992/10010], Loss: 3.3133, Accuracy: 31.77%, LR: 0.001000
2024-12-31 03:50:04,784 - resnet_50 - INFO - Training - Epoch: 9, Batch: [5120/10010], Loss: 3.3128, Accuracy: 31.79%, LR: 0.001000
2024-12-31 03:52:40,141 - resnet_50 - INFO - Training - Epoch: 9, Batch: [5248/10010], Loss: 3.3117, Accuracy: 31.81%, LR: 0.001000
2024-12-31 03:55:15,491 - resnet_50 - INFO - Training - Epoch: 9, Batch: [5376/10010], Loss: 3.3115, Accuracy: 31.81%, LR: 0.001000
2024-12-31 03:57:50,786 - resnet_50 - INFO - Training - Epoch: 9, Batch: [5504/10010], Loss: 3.3114, Accuracy: 31.82%, LR: 0.001000
2024-12-31 04:00:26,134 - resnet_50 - INFO - Training - Epoch: 9, Batch: [5632/10010], Loss: 3.3116, Accuracy: 31.81%, LR: 0.001000
2024-12-31 04:03:01,420 - resnet_50 - INFO - Training - Epoch: 9, Batch: [5760/10010], Loss: 3.3109, Accuracy: 31.81%, LR: 0.001000
2024-12-31 04:05:36,728 - resnet_50 - INFO - Training - Epoch: 9, Batch: [5888/10010], Loss: 3.3104, Accuracy: 31.83%, LR: 0.001000
2024-12-31 04:08:12,044 - resnet_50 - INFO - Training - Epoch: 9, Batch: [6016/10010], Loss: 3.3100, Accuracy: 31.83%, LR: 0.001000
2024-12-31 04:10:47,364 - resnet_50 - INFO - Training - Epoch: 9, Batch: [6144/10010], Loss: 3.3095, Accuracy: 31.83%, LR: 0.001000
2024-12-31 04:13:22,698 - resnet_50 - INFO - Training - Epoch: 9, Batch: [6272/10010], Loss: 3.3089, Accuracy: 31.84%, LR: 0.001000
2024-12-31 04:15:58,010 - resnet_50 - INFO - Training - Epoch: 9, Batch: [6400/10010], Loss: 3.3085, Accuracy: 31.84%, LR: 0.001000
2024-12-31 04:18:33,307 - resnet_50 - INFO - Training - Epoch: 9, Batch: [6528/10010], Loss: 3.3081, Accuracy: 31.85%, LR: 0.001000
2024-12-31 04:21:08,617 - resnet_50 - INFO - Training - Epoch: 9, Batch: [6656/10010], Loss: 3.3076, Accuracy: 31.85%, LR: 0.001000
2024-12-31 04:23:43,958 - resnet_50 - INFO - Training - Epoch: 9, Batch: [6784/10010], Loss: 3.3069, Accuracy: 31.87%, LR: 0.001000
2024-12-31 04:26:19,291 - resnet_50 - INFO - Training - Epoch: 9, Batch: [6912/10010], Loss: 3.3060, Accuracy: 31.88%, LR: 0.001000
2024-12-31 04:28:54,596 - resnet_50 - INFO - Training - Epoch: 9, Batch: [7040/10010], Loss: 3.3058, Accuracy: 31.88%, LR: 0.001000
2024-12-31 04:31:29,900 - resnet_50 - INFO - Training - Epoch: 9, Batch: [7168/10010], Loss: 3.3048, Accuracy: 31.90%, LR: 0.001000
2024-12-31 04:34:05,230 - resnet_50 - INFO - Training - Epoch: 9, Batch: [7296/10010], Loss: 3.3040, Accuracy: 31.92%, LR: 0.001000
2024-12-31 04:36:40,580 - resnet_50 - INFO - Training - Epoch: 9, Batch: [7424/10010], Loss: 3.3036, Accuracy: 31.92%, LR: 0.001000
2024-12-31 04:39:15,905 - resnet_50 - INFO - Training - Epoch: 9, Batch: [7552/10010], Loss: 3.3029, Accuracy: 31.93%, LR: 0.001000
2024-12-31 04:41:51,248 - resnet_50 - INFO - Training - Epoch: 9, Batch: [7680/10010], Loss: 3.3024, Accuracy: 31.94%, LR: 0.001000
2024-12-31 04:44:26,612 - resnet_50 - INFO - Training - Epoch: 9, Batch: [7808/10010], Loss: 3.3015, Accuracy: 31.95%, LR: 0.001000
2024-12-31 04:47:01,940 - resnet_50 - INFO - Training - Epoch: 9, Batch: [7936/10010], Loss: 3.3009, Accuracy: 31.96%, LR: 0.001000
2024-12-31 04:49:37,281 - resnet_50 - INFO - Training - Epoch: 9, Batch: [8064/10010], Loss: 3.3001, Accuracy: 31.97%, LR: 0.001000
2024-12-31 04:52:12,608 - resnet_50 - INFO - Training - Epoch: 9, Batch: [8192/10010], Loss: 3.2994, Accuracy: 31.99%, LR: 0.001000
2024-12-31 04:54:47,932 - resnet_50 - INFO - Training - Epoch: 9, Batch: [8320/10010], Loss: 3.2987, Accuracy: 32.00%, LR: 0.001000
2024-12-31 04:57:23,270 - resnet_50 - INFO - Training - Epoch: 9, Batch: [8448/10010], Loss: 3.2982, Accuracy: 32.01%, LR: 0.001000
2024-12-31 04:59:58,572 - resnet_50 - INFO - Training - Epoch: 9, Batch: [8576/10010], Loss: 3.2979, Accuracy: 32.02%, LR: 0.001000
2024-12-31 05:02:33,935 - resnet_50 - INFO - Training - Epoch: 9, Batch: [8704/10010], Loss: 3.2969, Accuracy: 32.03%, LR: 0.001000
2024-12-31 05:05:09,269 - resnet_50 - INFO - Training - Epoch: 9, Batch: [8832/10010], Loss: 3.2959, Accuracy: 32.05%, LR: 0.001000
2024-12-31 05:07:44,575 - resnet_50 - INFO - Training - Epoch: 9, Batch: [8960/10010], Loss: 3.2953, Accuracy: 32.07%, LR: 0.001000
2024-12-31 05:10:19,927 - resnet_50 - INFO - Training - Epoch: 9, Batch: [9088/10010], Loss: 3.2947, Accuracy: 32.07%, LR: 0.001000
2024-12-31 05:12:55,255 - resnet_50 - INFO - Training - Epoch: 9, Batch: [9216/10010], Loss: 3.2937, Accuracy: 32.09%, LR: 0.001000
2024-12-31 05:15:30,586 - resnet_50 - INFO - Training - Epoch: 9, Batch: [9344/10010], Loss: 3.2930, Accuracy: 32.10%, LR: 0.001000
2024-12-31 05:18:05,957 - resnet_50 - INFO - Training - Epoch: 9, Batch: [9472/10010], Loss: 3.2923, Accuracy: 32.11%, LR: 0.001000
2024-12-31 05:20:41,307 - resnet_50 - INFO - Training - Epoch: 9, Batch: [9600/10010], Loss: 3.2912, Accuracy: 32.12%, LR: 0.001000
2024-12-31 05:23:16,637 - resnet_50 - INFO - Training - Epoch: 9, Batch: [9728/10010], Loss: 3.2905, Accuracy: 32.13%, LR: 0.001000
2024-12-31 05:25:51,986 - resnet_50 - INFO - Training - Epoch: 9, Batch: [9856/10010], Loss: 3.2901, Accuracy: 32.15%, LR: 0.001000
2024-12-31 05:28:27,467 - resnet_50 - INFO - Training - Epoch: 9, Batch: [9984/10010], Loss: 3.2894, Accuracy: 32.15%, LR: 0.001000
2024-12-31 05:28:56,932 - resnet_50 - INFO - Epoch 9 Summary - Training Loss: 3.2895, Training Accuracy: 32.15%, Time: 12148.31s
2024-12-31 05:28:57,171 - resnet_50 - INFO - Checkpoint saved - Epoch: 9, Path: checkpoints/resnet_50/model_9.pth
2024-12-31 05:31:19,033 - resnet_50 - INFO - Validation - Epoch: 10, Loss: 2.9493, Accuracy: 36.72%, Top-5 Accuracy: 62.28%
2024-12-31 05:31:22,047 - resnet_50 - INFO - Training - Epoch: 10, Batch: [0/10010], Loss: 3.2025, Accuracy: 40.62%, LR: 0.001000
2024-12-31 05:33:57,324 - resnet_50 - INFO - Training - Epoch: 10, Batch: [128/10010], Loss: 3.1960, Accuracy: 33.11%, LR: 0.001000
